This is pdfTeX, Version 3.14159265-2.6-1.40.20 (TeX Live 2019/Debian) (preloaded format=pdflatex 2021.7.22)  22 JUL 2021 15:29
entering extended mode
 restricted \write18 enabled.
 %&-line parsing enabled.
**04-clustering_slides.tex
(./04-clustering_slides.tex
LaTeX2e <2020-02-02> patch level 2
L3 programming layer <2020-02-14>

! LaTeX Error: File `beamer.cls' not found.

Type X to quit or <RETURN> to proceed,
or enter new name. (Default extension: cls)

Enter file name: 
! Emergency stop.
<read *> 
         
l.5 \usepackage
               {pgfpages}^^M 
Here is how much of TeX's memory you used:
 24 strings out of 483183
 531 string characters out of 5966292
 231602 words of memory out of 5000000
 15139 multiletter control sequences out of 15000+600000
 532338 words of font info for 24 fonts, out of 8000000 for 9000
 14 hyphenation exceptions out of 8191
 14i,0n,17p,141b,10s stack positions out of 5000i,500n,10000p,200000b,80000s

!  ==> Fatal error occurred, no output PDF file produced!
